Build started 1/24/2014 18:14:03.
     1>Project "C:\Users\Teodor\documents\visual studio 2012\Projects\a_game\a_game\a_game.vcxproj" on node 2 (Build target(s)).
     1>ClCompile:
         C:\Program Files (x86)\Microsoft Visual Studio 11.0\VC\bin\CL.exe /c /I"D:\SFML-2.1\include" /Zi /nologo /W3 /WX- /O2 /Oi /Oy- /GL /D _MBCS /Gm- /EHsc /MD /GS /Gy /fp:precise /Zc:wchar_t /Zc:forScope /Fo"Release\\" /Fd"Release\vc110.pdb" /Gd /TP /analyze- /errorReport:prompt Game.cpp
         Game.cpp
     1>Game.cpp(296): warning C4244: '=' : conversion from 'int' to 'float', possible loss of data
     1>Game.cpp(297): warning C4244: '=' : conversion from 'int' to 'float', possible loss of data
     1>Game.cpp(340): warning C4018: '<' : signed/unsigned mismatch
     1>Game.cpp(401): warning C4018: '<' : signed/unsigned mismatch
     1>Game.cpp(501): warning C4244: 'argument' : conversion from 'int' to 'float', possible loss of data
     1>Game.cpp(543): warning C4244: 'argument' : conversion from 'int' to 'float', possible loss of data
       Link:
         C:\Program Files (x86)\Microsoft Visual Studio 11.0\VC\bin\link.exe /ERRORREPORT:PROMPT /OUT:"C:\Users\Teodor\documents\visual studio 2012\Projects\a_game\Release\a_game.exe" /NOLOGO /LIBPATH:"D:\SFML-2.1\lib" "sfml-graphics.lib" "sfml-window.lib" "sfml-system.lib" kernel32.lib user32.lib gdi32.lib winspool.lib comdlg32.lib advapi32.lib shell32.lib ole32.lib oleaut32.lib uuid.lib odbc32.lib odbccp32.lib kernel32.lib user32.lib gdi32.lib winspool.lib comdlg32.lib advapi32.lib shell32.lib ole32.lib oleaut32.lib uuid.lib odbc32.lib odbccp32.lib /MANIFEST /MANIFESTUAC:"level='asInvoker' uiAccess='false'" /manifest:embed /DEBUG /PDB:"C:\Users\Teodor\documents\visual studio 2012\Projects\a_game\Release\a_game.pdb" /OPT:REF /OPT:ICF /LTCG /TLBID:1 /DYNAMICBASE /NXCOMPAT /IMPLIB:"C:\Users\Teodor\documents\visual studio 2012\Projects\a_game\Release\a_game.lib" /MACHINE:X86 /SAFESEH Release\AITank.obj
         Release\Game.obj
         Release\Menu.obj
         Release\Source.obj
         Generating code
         Finished generating code
         a_game.vcxproj -> C:\Users\Teodor\documents\visual studio 2012\Projects\a_game\Release\a_game.exe
     1>Done Building Project "C:\Users\Teodor\documents\visual studio 2012\Projects\a_game\a_game\a_game.vcxproj" (Build target(s)).

Build succeeded.

Time Elapsed 00:00:05.45
